2018-03-03 23:19:25,714 [Worker-4] INFO  c.g.t.t.d.PublishedGradleVersions - Gradle version information cache is up-to-date. Trying to read.
2018-03-03 23:20:09,329 [Worker-7] INFO  o.e.m.c.i.l.LifecycleMappingFactory - Using org.eclipse.m2e.jdt.JarLifecycleMapping lifecycle mapping for MavenProject: com.example:tutorial3:0.0.1-SNAPSHOT @ /Users/davidelkana/Documents/Kuliah/S2/APAP/tutorial3_1706106671/project/tutorial3/pom.xml.
2018-03-03 23:20:11,043 [Worker-7] INFO  o.e.m.j.i.AbstractJavaProjectConfigurator - Adding source folder /tutorial3/src/main/java
2018-03-03 23:20:11,045 [Worker-7] INFO  o.e.m.j.i.AbstractJavaProjectConfigurator - Adding resource folder /tutorial3/src/main/resources
2018-03-03 23:20:11,056 [Worker-7] INFO  o.e.m.j.i.AbstractJavaProjectConfigurator - Adding resource folder /tutorial3/src/main/resources
2018-03-03 23:20:11,079 [Worker-7] INFO  o.e.m.j.i.AbstractJavaProjectConfigurator - Adding source folder /tutorial3/src/test/java
2018-03-03 23:20:12,598 [Worker-7] INFO  o.e.m.c.i.p.ProjectConfigurationManager - Imported and configured 1 project(s) in 5 sec
2018-03-03 23:20:12,603 [Worker-7] INFO  o.e.m.c.i.p.ProjectConfigurationManager - Update started
2018-03-03 23:20:13,153 [Worker-7] INFO  o.e.m.c.i.l.LifecycleMappingFactory - Using org.eclipse.m2e.jdt.JarLifecycleMapping lifecycle mapping for MavenProject: com.example:tutorial3:0.0.1-SNAPSHOT @ /Users/davidelkana/Documents/Kuliah/S2/APAP/tutorial3_1706106671/project/tutorial3/pom.xml.
2018-03-03 23:20:13,625 [Worker-7] INFO  o.e.m.j.i.AbstractJavaProjectConfigurator - Adding source folder /tutorial3/src/main/java
2018-03-03 23:20:13,626 [Worker-7] INFO  o.e.m.j.i.AbstractJavaProjectConfigurator - Adding resource folder /tutorial3/src/main/resources
2018-03-03 23:20:13,628 [Worker-7] INFO  o.e.m.j.i.AbstractJavaProjectConfigurator - Adding resource folder /tutorial3/src/main/resources
2018-03-03 23:20:13,630 [Worker-7] INFO  o.e.m.j.i.AbstractJavaProjectConfigurator - Adding source folder /tutorial3/src/test/java
2018-03-03 23:20:13,921 [Worker-7] INFO  o.e.m.c.i.p.ProjectConfigurationManager - Update completed: 1 sec
2018-03-03 23:20:15,036 [Worker-14] INFO  o.e.m.c.i.embedder.EclipseLogger - Using 'UTF-8' encoding to copy filtered resources.
2018-03-03 23:20:15,042 [Worker-14] INFO  o.e.m.c.i.embedder.EclipseLogger - Copying 1 resource
2018-03-03 23:20:15,058 [Worker-14] INFO  o.e.m.c.i.embedder.EclipseLogger - Copying 0 resource
2018-03-03 23:20:15,061 [Worker-14] INFO  o.e.m.c.i.embedder.EclipseLogger - Using 'UTF-8' encoding to copy filtered resources.
2018-03-03 23:20:15,061 [Worker-14] INFO  o.e.m.c.i.embedder.EclipseLogger - skip non existing resourceDirectory /Users/davidelkana/Documents/Kuliah/S2/APAP/tutorial3_1706106671/project/tutorial3/src/test/resources
2018-03-03 23:20:16,563 [Worker-16] INFO  o.e.m.c.i.embedder.EclipseLogger - Using 'UTF-8' encoding to copy filtered resources.
2018-03-03 23:20:16,564 [Worker-16] INFO  o.e.m.c.i.embedder.EclipseLogger - Copying 0 resource
2018-03-03 23:20:16,564 [Worker-16] INFO  o.e.m.c.i.embedder.EclipseLogger - Copying 0 resource
2018-03-03 23:20:16,566 [Worker-16] INFO  o.e.m.c.i.embedder.EclipseLogger - Using 'UTF-8' encoding to copy filtered resources.
2018-03-03 23:20:16,566 [Worker-16] INFO  o.e.m.c.i.embedder.EclipseLogger - skip non existing resourceDirectory /Users/davidelkana/Documents/Kuliah/S2/APAP/tutorial3_1706106671/project/tutorial3/src/test/resources
2018-03-03 23:22:22,818 [Worker-12] INFO  o.e.m.c.i.embedder.EclipseLogger - Using 'UTF-8' encoding to copy filtered resources.
2018-03-03 23:22:22,822 [Worker-12] INFO  o.e.m.c.i.embedder.EclipseLogger - Copying 1 resource
2018-03-03 23:22:22,823 [Worker-12] INFO  o.e.m.c.i.embedder.EclipseLogger - Copying 0 resource
2018-03-03 23:22:22,829 [Worker-12] INFO  o.e.m.c.i.embedder.EclipseLogger - Using 'UTF-8' encoding to copy filtered resources.
2018-03-03 23:22:22,829 [Worker-12] INFO  o.e.m.c.i.embedder.EclipseLogger - skip non existing resourceDirectory /Users/davidelkana/Documents/Kuliah/S2/APAP/tutorial3_1706106671/project/tutorial3/src/test/resources
2018-03-03 23:22:46,022 [Worker-15] INFO  o.e.m.c.i.embedder.EclipseLogger - Using 'UTF-8' encoding to copy filtered resources.
2018-03-03 23:22:46,027 [Worker-15] INFO  o.e.m.c.i.embedder.EclipseLogger - Copying 1 resource
2018-03-03 23:22:46,028 [Worker-15] INFO  o.e.m.c.i.embedder.EclipseLogger - Copying 0 resource
2018-03-03 23:22:46,031 [Worker-15] INFO  o.e.m.c.i.embedder.EclipseLogger - Using 'UTF-8' encoding to copy filtered resources.
2018-03-03 23:22:46,031 [Worker-15] INFO  o.e.m.c.i.embedder.EclipseLogger - skip non existing resourceDirectory /Users/davidelkana/Documents/Kuliah/S2/APAP/tutorial3_1706106671/project/tutorial3/src/test/resources
2018-03-03 23:24:25,534 [Worker-25] INFO  o.e.m.c.i.embedder.EclipseLogger - Using 'UTF-8' encoding to copy filtered resources.
2018-03-03 23:24:25,535 [Worker-25] INFO  o.e.m.c.i.embedder.EclipseLogger - Copying 1 resource
2018-03-03 23:24:25,536 [Worker-25] INFO  o.e.m.c.i.embedder.EclipseLogger - Copying 0 resource
2018-03-03 23:24:25,537 [Worker-25] INFO  o.e.m.c.i.embedder.EclipseLogger - Using 'UTF-8' encoding to copy filtered resources.
2018-03-03 23:24:25,538 [Worker-25] INFO  o.e.m.c.i.embedder.EclipseLogger - skip non existing resourceDirectory /Users/davidelkana/Documents/Kuliah/S2/APAP/tutorial3_1706106671/project/tutorial3/src/test/resources
2018-03-03 23:24:50,699 [Worker-26] INFO  o.e.m.c.i.embedder.EclipseLogger - Using 'UTF-8' encoding to copy filtered resources.
2018-03-03 23:24:50,702 [Worker-26] INFO  o.e.m.c.i.embedder.EclipseLogger - Copying 1 resource
2018-03-03 23:24:50,703 [Worker-26] INFO  o.e.m.c.i.embedder.EclipseLogger - Copying 0 resource
2018-03-03 23:24:50,705 [Worker-26] INFO  o.e.m.c.i.embedder.EclipseLogger - Using 'UTF-8' encoding to copy filtered resources.
2018-03-03 23:24:50,705 [Worker-26] INFO  o.e.m.c.i.embedder.EclipseLogger - skip non existing resourceDirectory /Users/davidelkana/Documents/Kuliah/S2/APAP/tutorial3_1706106671/project/tutorial3/src/test/resources
2018-03-03 23:25:09,485 [Worker-12] INFO  o.e.m.c.i.embedder.EclipseLogger - Using 'UTF-8' encoding to copy filtered resources.
2018-03-03 23:25:09,485 [Worker-12] INFO  o.e.m.c.i.embedder.EclipseLogger - Copying 1 resource
2018-03-03 23:25:09,486 [Worker-12] INFO  o.e.m.c.i.embedder.EclipseLogger - Copying 0 resource
2018-03-03 23:25:09,488 [Worker-12] INFO  o.e.m.c.i.embedder.EclipseLogger - Using 'UTF-8' encoding to copy filtered resources.
2018-03-03 23:25:09,488 [Worker-12] INFO  o.e.m.c.i.embedder.EclipseLogger - skip non existing resourceDirectory /Users/davidelkana/Documents/Kuliah/S2/APAP/tutorial3_1706106671/project/tutorial3/src/test/resources
2018-03-03 23:26:43,270 [Worker-24] INFO  o.e.m.c.i.embedder.EclipseLogger - Using 'UTF-8' encoding to copy filtered resources.
2018-03-03 23:26:43,272 [Worker-24] INFO  o.e.m.c.i.embedder.EclipseLogger - Copying 1 resource
2018-03-03 23:26:43,273 [Worker-24] INFO  o.e.m.c.i.embedder.EclipseLogger - Copying 0 resource
2018-03-03 23:26:43,282 [Worker-24] INFO  o.e.m.c.i.embedder.EclipseLogger - Using 'UTF-8' encoding to copy filtered resources.
2018-03-03 23:26:43,282 [Worker-24] INFO  o.e.m.c.i.embedder.EclipseLogger - skip non existing resourceDirectory /Users/davidelkana/Documents/Kuliah/S2/APAP/tutorial3_1706106671/project/tutorial3/src/test/resources
2018-03-03 23:27:02,274 [Worker-24] INFO  o.e.m.c.i.embedder.EclipseLogger - Using 'UTF-8' encoding to copy filtered resources.
2018-03-03 23:27:02,275 [Worker-24] INFO  o.e.m.c.i.embedder.EclipseLogger - Copying 1 resource
2018-03-03 23:27:02,276 [Worker-24] INFO  o.e.m.c.i.embedder.EclipseLogger - Copying 0 resource
2018-03-03 23:27:02,279 [Worker-24] INFO  o.e.m.c.i.embedder.EclipseLogger - Using 'UTF-8' encoding to copy filtered resources.
2018-03-03 23:27:02,280 [Worker-24] INFO  o.e.m.c.i.embedder.EclipseLogger - skip non existing resourceDirectory /Users/davidelkana/Documents/Kuliah/S2/APAP/tutorial3_1706106671/project/tutorial3/src/test/resources
2018-03-03 23:29:42,394 [Worker-15] INFO  o.e.m.c.i.embedder.EclipseLogger - Using 'UTF-8' encoding to copy filtered resources.
2018-03-03 23:29:42,395 [Worker-15] INFO  o.e.m.c.i.embedder.EclipseLogger - Copying 1 resource
2018-03-03 23:29:42,396 [Worker-15] INFO  o.e.m.c.i.embedder.EclipseLogger - Copying 0 resource
2018-03-03 23:29:42,398 [Worker-15] INFO  o.e.m.c.i.embedder.EclipseLogger - Using 'UTF-8' encoding to copy filtered resources.
2018-03-03 23:29:42,398 [Worker-15] INFO  o.e.m.c.i.embedder.EclipseLogger - skip non existing resourceDirectory /Users/davidelkana/Documents/Kuliah/S2/APAP/tutorial3_1706106671/project/tutorial3/src/test/resources
2018-03-03 23:30:20,164 [Worker-15] INFO  o.e.m.c.i.embedder.EclipseLogger - Using 'UTF-8' encoding to copy filtered resources.
2018-03-03 23:30:20,166 [Worker-15] INFO  o.e.m.c.i.embedder.EclipseLogger - Copying 1 resource
2018-03-03 23:30:20,167 [Worker-15] INFO  o.e.m.c.i.embedder.EclipseLogger - Copying 0 resource
2018-03-03 23:30:20,169 [Worker-15] INFO  o.e.m.c.i.embedder.EclipseLogger - Using 'UTF-8' encoding to copy filtered resources.
2018-03-03 23:30:20,169 [Worker-15] INFO  o.e.m.c.i.embedder.EclipseLogger - skip non existing resourceDirectory /Users/davidelkana/Documents/Kuliah/S2/APAP/tutorial3_1706106671/project/tutorial3/src/test/resources
2018-03-03 23:30:39,377 [Worker-24] INFO  o.e.m.c.i.embedder.EclipseLogger - Using 'UTF-8' encoding to copy filtered resources.
2018-03-03 23:30:39,378 [Worker-24] INFO  o.e.m.c.i.embedder.EclipseLogger - Copying 1 resource
2018-03-03 23:30:39,379 [Worker-24] INFO  o.e.m.c.i.embedder.EclipseLogger - Copying 0 resource
2018-03-03 23:30:39,381 [Worker-24] INFO  o.e.m.c.i.embedder.EclipseLogger - Using 'UTF-8' encoding to copy filtered resources.
2018-03-03 23:30:39,381 [Worker-24] INFO  o.e.m.c.i.embedder.EclipseLogger - skip non existing resourceDirectory /Users/davidelkana/Documents/Kuliah/S2/APAP/tutorial3_1706106671/project/tutorial3/src/test/resources
2018-03-03 23:32:23,085 [Worker-4] INFO  o.e.m.c.i.embedder.EclipseLogger - Using 'UTF-8' encoding to copy filtered resources.
2018-03-03 23:32:23,086 [Worker-4] INFO  o.e.m.c.i.embedder.EclipseLogger - Copying 1 resource
2018-03-03 23:32:23,087 [Worker-4] INFO  o.e.m.c.i.embedder.EclipseLogger - Copying 0 resource
2018-03-03 23:32:23,088 [Worker-4] INFO  o.e.m.c.i.embedder.EclipseLogger - Using 'UTF-8' encoding to copy filtered resources.
2018-03-03 23:32:23,088 [Worker-4] INFO  o.e.m.c.i.embedder.EclipseLogger - skip non existing resourceDirectory /Users/davidelkana/Documents/Kuliah/S2/APAP/tutorial3_1706106671/project/tutorial3/src/test/resources
2018-03-03 23:32:53,123 [Worker-26] INFO  o.e.m.c.i.embedder.EclipseLogger - Using 'UTF-8' encoding to copy filtered resources.
2018-03-03 23:32:53,124 [Worker-26] INFO  o.e.m.c.i.embedder.EclipseLogger - Copying 1 resource
2018-03-03 23:32:53,125 [Worker-26] INFO  o.e.m.c.i.embedder.EclipseLogger - Copying 0 resource
2018-03-03 23:32:53,130 [Worker-26] INFO  o.e.m.c.i.embedder.EclipseLogger - Using 'UTF-8' encoding to copy filtered resources.
2018-03-03 23:32:53,131 [Worker-26] INFO  o.e.m.c.i.embedder.EclipseLogger - skip non existing resourceDirectory /Users/davidelkana/Documents/Kuliah/S2/APAP/tutorial3_1706106671/project/tutorial3/src/test/resources
2018-03-03 23:33:25,272 [Worker-25] INFO  o.e.m.c.i.embedder.EclipseLogger - Using 'UTF-8' encoding to copy filtered resources.
2018-03-03 23:33:25,273 [Worker-25] INFO  o.e.m.c.i.embedder.EclipseLogger - Copying 1 resource
2018-03-03 23:33:25,273 [Worker-25] INFO  o.e.m.c.i.embedder.EclipseLogger - Copying 0 resource
2018-03-03 23:33:25,275 [Worker-25] INFO  o.e.m.c.i.embedder.EclipseLogger - Using 'UTF-8' encoding to copy filtered resources.
2018-03-03 23:33:25,276 [Worker-25] INFO  o.e.m.c.i.embedder.EclipseLogger - skip non existing resourceDirectory /Users/davidelkana/Documents/Kuliah/S2/APAP/tutorial3_1706106671/project/tutorial3/src/test/resources
2018-03-03 23:33:48,959 [Worker-4] INFO  o.e.m.c.i.embedder.EclipseLogger - Using 'UTF-8' encoding to copy filtered resources.
2018-03-03 23:33:48,960 [Worker-4] INFO  o.e.m.c.i.embedder.EclipseLogger - Copying 1 resource
2018-03-03 23:33:48,961 [Worker-4] INFO  o.e.m.c.i.embedder.EclipseLogger - Copying 0 resource
2018-03-03 23:33:48,965 [Worker-4] INFO  o.e.m.c.i.embedder.EclipseLogger - Using 'UTF-8' encoding to copy filtered resources.
2018-03-03 23:33:48,965 [Worker-4] INFO  o.e.m.c.i.embedder.EclipseLogger - skip non existing resourceDirectory /Users/davidelkana/Documents/Kuliah/S2/APAP/tutorial3_1706106671/project/tutorial3/src/test/resources
2018-03-03 23:36:43,971 [Worker-27] INFO  o.e.m.c.i.embedder.EclipseLogger - Using 'UTF-8' encoding to copy filtered resources.
2018-03-03 23:36:43,972 [Worker-27] INFO  o.e.m.c.i.embedder.EclipseLogger - Copying 1 resource
2018-03-03 23:36:43,973 [Worker-27] INFO  o.e.m.c.i.embedder.EclipseLogger - Copying 0 resource
2018-03-03 23:36:43,975 [Worker-27] INFO  o.e.m.c.i.embedder.EclipseLogger - Using 'UTF-8' encoding to copy filtered resources.
2018-03-03 23:36:43,975 [Worker-27] INFO  o.e.m.c.i.embedder.EclipseLogger - skip non existing resourceDirectory /Users/davidelkana/Documents/Kuliah/S2/APAP/tutorial3_1706106671/project/tutorial3/src/test/resources
2018-03-03 23:37:21,646 [Worker-28] INFO  o.e.m.c.i.embedder.EclipseLogger - Using 'UTF-8' encoding to copy filtered resources.
2018-03-03 23:37:21,651 [Worker-28] INFO  o.e.m.c.i.embedder.EclipseLogger - Copying 0 resource
2018-03-03 23:37:21,652 [Worker-28] INFO  o.e.m.c.i.embedder.EclipseLogger - Copying 1 resource
2018-03-03 23:37:21,658 [Worker-28] INFO  o.e.m.c.i.embedder.EclipseLogger - Using 'UTF-8' encoding to copy filtered resources.
2018-03-03 23:37:21,659 [Worker-28] INFO  o.e.m.c.i.embedder.EclipseLogger - skip non existing resourceDirectory /Users/davidelkana/Documents/Kuliah/S2/APAP/tutorial3_1706106671/project/tutorial3/src/test/resources
2018-03-03 23:38:29,369 [Worker-25] INFO  o.e.m.c.i.embedder.EclipseLogger - Using 'UTF-8' encoding to copy filtered resources.
2018-03-03 23:38:29,369 [Worker-25] INFO  o.e.m.c.i.embedder.EclipseLogger - Copying 0 resource
2018-03-03 23:38:29,370 [Worker-25] INFO  o.e.m.c.i.embedder.EclipseLogger - Copying 1 resource
2018-03-03 23:38:29,373 [Worker-25] INFO  o.e.m.c.i.embedder.EclipseLogger - Using 'UTF-8' encoding to copy filtered resources.
2018-03-03 23:38:29,373 [Worker-25] INFO  o.e.m.c.i.embedder.EclipseLogger - skip non existing resourceDirectory /Users/davidelkana/Documents/Kuliah/S2/APAP/tutorial3_1706106671/project/tutorial3/src/test/resources
2018-03-03 23:50:44,671 [Worker-24] INFO  o.e.m.c.i.embedder.EclipseLogger - Using 'UTF-8' encoding to copy filtered resources.
2018-03-03 23:50:44,678 [Worker-24] INFO  o.e.m.c.i.embedder.EclipseLogger - Copying 1 resource
2018-03-03 23:50:44,679 [Worker-24] INFO  o.e.m.c.i.embedder.EclipseLogger - Copying 1 resource
2018-03-03 23:50:44,681 [Worker-24] INFO  o.e.m.c.i.embedder.EclipseLogger - Using 'UTF-8' encoding to copy filtered resources.
2018-03-03 23:50:44,681 [Worker-24] INFO  o.e.m.c.i.embedder.EclipseLogger - skip non existing resourceDirectory /Users/davidelkana/Documents/Kuliah/S2/APAP/tutorial3_1706106671/project/tutorial3/src/test/resources
2018-03-03 23:51:11,087 [Worker-30] INFO  o.e.m.c.i.embedder.EclipseLogger - Using 'UTF-8' encoding to copy filtered resources.
2018-03-03 23:51:11,088 [Worker-30] INFO  o.e.m.c.i.embedder.EclipseLogger - Copying 1 resource
2018-03-03 23:51:11,089 [Worker-30] INFO  o.e.m.c.i.embedder.EclipseLogger - Copying 1 resource
2018-03-03 23:51:11,091 [Worker-30] INFO  o.e.m.c.i.embedder.EclipseLogger - Using 'UTF-8' encoding to copy filtered resources.
2018-03-03 23:51:11,091 [Worker-30] INFO  o.e.m.c.i.embedder.EclipseLogger - skip non existing resourceDirectory /Users/davidelkana/Documents/Kuliah/S2/APAP/tutorial3_1706106671/project/tutorial3/src/test/resources
2018-03-03 23:51:33,668 [Worker-15] INFO  o.e.m.c.i.embedder.EclipseLogger - Using 'UTF-8' encoding to copy filtered resources.
2018-03-03 23:51:33,669 [Worker-15] INFO  o.e.m.c.i.embedder.EclipseLogger - Copying 0 resource
2018-03-03 23:51:33,669 [Worker-15] INFO  o.e.m.c.i.embedder.EclipseLogger - Copying 1 resource
2018-03-03 23:51:33,671 [Worker-15] INFO  o.e.m.c.i.embedder.EclipseLogger - Using 'UTF-8' encoding to copy filtered resources.
2018-03-03 23:51:33,672 [Worker-15] INFO  o.e.m.c.i.embedder.EclipseLogger - skip non existing resourceDirectory /Users/davidelkana/Documents/Kuliah/S2/APAP/tutorial3_1706106671/project/tutorial3/src/test/resources
2018-03-03 23:54:50,086 [Worker-32] INFO  o.e.m.c.i.embedder.EclipseLogger - Using 'UTF-8' encoding to copy filtered resources.
2018-03-03 23:54:50,088 [Worker-32] INFO  o.e.m.c.i.embedder.EclipseLogger - Copying 0 resource
2018-03-03 23:54:50,088 [Worker-32] INFO  o.e.m.c.i.embedder.EclipseLogger - Copying 1 resource
2018-03-03 23:54:50,091 [Worker-32] INFO  o.e.m.c.i.embedder.EclipseLogger - Using 'UTF-8' encoding to copy filtered resources.
2018-03-03 23:54:50,092 [Worker-32] INFO  o.e.m.c.i.embedder.EclipseLogger - skip non existing resourceDirectory /Users/davidelkana/Documents/Kuliah/S2/APAP/tutorial3_1706106671/project/tutorial3/src/test/resources
2018-03-04 00:05:32,152 [Worker-5] INFO  o.e.m.c.i.embedder.EclipseLogger - Using 'UTF-8' encoding to copy filtered resources.
2018-03-04 00:05:32,154 [Worker-5] INFO  o.e.m.c.i.embedder.EclipseLogger - Copying 1 resource
2018-03-04 00:05:32,154 [Worker-5] INFO  o.e.m.c.i.embedder.EclipseLogger - Copying 2 resources
2018-03-04 00:05:32,156 [Worker-5] INFO  o.e.m.c.i.embedder.EclipseLogger - Using 'UTF-8' encoding to copy filtered resources.
2018-03-04 00:05:32,156 [Worker-5] INFO  o.e.m.c.i.embedder.EclipseLogger - skip non existing resourceDirectory /Users/davidelkana/Documents/Kuliah/S2/APAP/tutorial3_1706106671/project/tutorial3/src/test/resources
2018-03-04 00:05:49,745 [Worker-31] INFO  o.e.m.c.i.embedder.EclipseLogger - Using 'UTF-8' encoding to copy filtered resources.
2018-03-04 00:05:49,746 [Worker-31] INFO  o.e.m.c.i.embedder.EclipseLogger - Copying 1 resource
2018-03-04 00:05:49,747 [Worker-31] INFO  o.e.m.c.i.embedder.EclipseLogger - Copying 2 resources
2018-03-04 00:05:49,749 [Worker-31] INFO  o.e.m.c.i.embedder.EclipseLogger - Using 'UTF-8' encoding to copy filtered resources.
2018-03-04 00:05:49,749 [Worker-31] INFO  o.e.m.c.i.embedder.EclipseLogger - skip non existing resourceDirectory /Users/davidelkana/Documents/Kuliah/S2/APAP/tutorial3_1706106671/project/tutorial3/src/test/resources
2018-03-04 00:05:59,922 [Worker-5] INFO  o.e.m.c.i.embedder.EclipseLogger - Using 'UTF-8' encoding to copy filtered resources.
2018-03-04 00:05:59,923 [Worker-5] INFO  o.e.m.c.i.embedder.EclipseLogger - Copying 1 resource
2018-03-04 00:05:59,923 [Worker-5] INFO  o.e.m.c.i.embedder.EclipseLogger - Copying 2 resources
2018-03-04 00:05:59,925 [Worker-5] INFO  o.e.m.c.i.embedder.EclipseLogger - Using 'UTF-8' encoding to copy filtered resources.
2018-03-04 00:05:59,925 [Worker-5] INFO  o.e.m.c.i.embedder.EclipseLogger - skip non existing resourceDirectory /Users/davidelkana/Documents/Kuliah/S2/APAP/tutorial3_1706106671/project/tutorial3/src/test/resources
2018-03-04 00:06:20,166 [Worker-5] INFO  o.e.m.c.i.embedder.EclipseLogger - Using 'UTF-8' encoding to copy filtered resources.
2018-03-04 00:06:20,167 [Worker-5] INFO  o.e.m.c.i.embedder.EclipseLogger - Copying 1 resource
2018-03-04 00:06:20,168 [Worker-5] INFO  o.e.m.c.i.embedder.EclipseLogger - Copying 2 resources
2018-03-04 00:06:20,171 [Worker-5] INFO  o.e.m.c.i.embedder.EclipseLogger - Using 'UTF-8' encoding to copy filtered resources.
2018-03-04 00:06:20,171 [Worker-5] INFO  o.e.m.c.i.embedder.EclipseLogger - skip non existing resourceDirectory /Users/davidelkana/Documents/Kuliah/S2/APAP/tutorial3_1706106671/project/tutorial3/src/test/resources
2018-03-04 00:06:42,700 [Worker-5] INFO  o.e.m.c.i.embedder.EclipseLogger - Using 'UTF-8' encoding to copy filtered resources.
2018-03-04 00:06:42,701 [Worker-5] INFO  o.e.m.c.i.embedder.EclipseLogger - Copying 0 resource
2018-03-04 00:06:42,702 [Worker-5] INFO  o.e.m.c.i.embedder.EclipseLogger - Copying 1 resource
2018-03-04 00:06:42,705 [Worker-5] INFO  o.e.m.c.i.embedder.EclipseLogger - Using 'UTF-8' encoding to copy filtered resources.
2018-03-04 00:06:42,705 [Worker-5] INFO  o.e.m.c.i.embedder.EclipseLogger - skip non existing resourceDirectory /Users/davidelkana/Documents/Kuliah/S2/APAP/tutorial3_1706106671/project/tutorial3/src/test/resources
2018-03-04 00:09:09,891 [Worker-38] INFO  o.e.m.c.i.embedder.EclipseLogger - Using 'UTF-8' encoding to copy filtered resources.
2018-03-04 00:09:09,893 [Worker-38] INFO  o.e.m.c.i.embedder.EclipseLogger - Copying 0 resource
2018-03-04 00:09:09,893 [Worker-38] INFO  o.e.m.c.i.embedder.EclipseLogger - Copying 1 resource
2018-03-04 00:09:09,895 [Worker-38] INFO  o.e.m.c.i.embedder.EclipseLogger - Using 'UTF-8' encoding to copy filtered resources.
2018-03-04 00:09:09,895 [Worker-38] INFO  o.e.m.c.i.embedder.EclipseLogger - skip non existing resourceDirectory /Users/davidelkana/Documents/Kuliah/S2/APAP/tutorial3_1706106671/project/tutorial3/src/test/resources
2018-03-04 00:17:57,923 [Worker-37] INFO  o.e.m.c.i.embedder.EclipseLogger - Using 'UTF-8' encoding to copy filtered resources.
2018-03-04 00:17:57,925 [Worker-37] INFO  o.e.m.c.i.embedder.EclipseLogger - Copying 0 resource
2018-03-04 00:17:57,925 [Worker-37] INFO  o.e.m.c.i.embedder.EclipseLogger - Copying 1 resource
2018-03-04 00:17:57,929 [Worker-37] INFO  o.e.m.c.i.embedder.EclipseLogger - Using 'UTF-8' encoding to copy filtered resources.
2018-03-04 00:17:57,929 [Worker-37] INFO  o.e.m.c.i.embedder.EclipseLogger - skip non existing resourceDirectory /Users/davidelkana/Documents/Kuliah/S2/APAP/tutorial3_1706106671/project/tutorial3/src/test/resources
2018-03-04 00:19:31,093 [Worker-31] INFO  o.e.m.c.i.embedder.EclipseLogger - Using 'UTF-8' encoding to copy filtered resources.
2018-03-04 00:19:31,095 [Worker-31] INFO  o.e.m.c.i.embedder.EclipseLogger - Copying 0 resource
2018-03-04 00:19:31,095 [Worker-31] INFO  o.e.m.c.i.embedder.EclipseLogger - Copying 1 resource
2018-03-04 00:19:31,098 [Worker-31] INFO  o.e.m.c.i.embedder.EclipseLogger - Using 'UTF-8' encoding to copy filtered resources.
2018-03-04 00:19:31,098 [Worker-31] INFO  o.e.m.c.i.embedder.EclipseLogger - skip non existing resourceDirectory /Users/davidelkana/Documents/Kuliah/S2/APAP/tutorial3_1706106671/project/tutorial3/src/test/resources
2018-03-04 00:20:24,594 [Worker-42] INFO  o.e.m.c.i.embedder.EclipseLogger - Using 'UTF-8' encoding to copy filtered resources.
2018-03-04 00:20:24,595 [Worker-42] INFO  o.e.m.c.i.embedder.EclipseLogger - Copying 1 resource
2018-03-04 00:20:24,595 [Worker-42] INFO  o.e.m.c.i.embedder.EclipseLogger - Copying 4 resources
2018-03-04 00:20:24,597 [Worker-42] INFO  o.e.m.c.i.embedder.EclipseLogger - Using 'UTF-8' encoding to copy filtered resources.
2018-03-04 00:20:24,597 [Worker-42] INFO  o.e.m.c.i.embedder.EclipseLogger - skip non existing resourceDirectory /Users/davidelkana/Documents/Kuliah/S2/APAP/tutorial3_1706106671/project/tutorial3/src/test/resources
2018-03-04 00:22:23,333 [Worker-39] INFO  o.e.m.c.i.embedder.EclipseLogger - Using 'UTF-8' encoding to copy filtered resources.
2018-03-04 00:22:23,334 [Worker-39] INFO  o.e.m.c.i.embedder.EclipseLogger - Copying 1 resource
2018-03-04 00:22:23,335 [Worker-39] INFO  o.e.m.c.i.embedder.EclipseLogger - Copying 4 resources
2018-03-04 00:22:23,337 [Worker-39] INFO  o.e.m.c.i.embedder.EclipseLogger - Using 'UTF-8' encoding to copy filtered resources.
2018-03-04 00:22:23,337 [Worker-39] INFO  o.e.m.c.i.embedder.EclipseLogger - skip non existing resourceDirectory /Users/davidelkana/Documents/Kuliah/S2/APAP/tutorial3_1706106671/project/tutorial3/src/test/resources
2018-03-04 00:23:15,390 [Worker-42] INFO  o.e.m.c.i.embedder.EclipseLogger - Using 'UTF-8' encoding to copy filtered resources.
2018-03-04 00:23:15,391 [Worker-42] INFO  o.e.m.c.i.embedder.EclipseLogger - Copying 1 resource
2018-03-04 00:23:15,391 [Worker-42] INFO  o.e.m.c.i.embedder.EclipseLogger - Copying 4 resources
2018-03-04 00:23:15,393 [Worker-42] INFO  o.e.m.c.i.embedder.EclipseLogger - Using 'UTF-8' encoding to copy filtered resources.
2018-03-04 00:23:15,393 [Worker-42] INFO  o.e.m.c.i.embedder.EclipseLogger - skip non existing resourceDirectory /Users/davidelkana/Documents/Kuliah/S2/APAP/tutorial3_1706106671/project/tutorial3/src/test/resources
2018-03-04 00:24:49,478 [Worker-40] INFO  o.e.m.c.i.embedder.EclipseLogger - Using 'UTF-8' encoding to copy filtered resources.
2018-03-04 00:24:49,479 [Worker-40] INFO  o.e.m.c.i.embedder.EclipseLogger - Copying 1 resource
2018-03-04 00:24:49,479 [Worker-40] INFO  o.e.m.c.i.embedder.EclipseLogger - Copying 4 resources
2018-03-04 00:24:49,481 [Worker-40] INFO  o.e.m.c.i.embedder.EclipseLogger - Using 'UTF-8' encoding to copy filtered resources.
2018-03-04 00:24:49,482 [Worker-40] INFO  o.e.m.c.i.embedder.EclipseLogger - skip non existing resourceDirectory /Users/davidelkana/Documents/Kuliah/S2/APAP/tutorial3_1706106671/project/tutorial3/src/test/resources
2018-03-04 00:27:45,098 [Worker-40] INFO  o.e.m.c.i.embedder.EclipseLogger - Using 'UTF-8' encoding to copy filtered resources.
2018-03-04 00:27:45,099 [Worker-40] INFO  o.e.m.c.i.embedder.EclipseLogger - Copying 1 resource
2018-03-04 00:27:45,100 [Worker-40] INFO  o.e.m.c.i.embedder.EclipseLogger - Copying 4 resources
2018-03-04 00:27:45,101 [Worker-40] INFO  o.e.m.c.i.embedder.EclipseLogger - Using 'UTF-8' encoding to copy filtered resources.
2018-03-04 00:27:45,102 [Worker-40] INFO  o.e.m.c.i.embedder.EclipseLogger - skip non existing resourceDirectory /Users/davidelkana/Documents/Kuliah/S2/APAP/tutorial3_1706106671/project/tutorial3/src/test/resources
2018-03-04 00:28:23,570 [Worker-31] INFO  o.e.m.c.i.embedder.EclipseLogger - Using 'UTF-8' encoding to copy filtered resources.
2018-03-04 00:28:23,571 [Worker-31] INFO  o.e.m.c.i.embedder.EclipseLogger - Copying 1 resource
2018-03-04 00:28:23,572 [Worker-31] INFO  o.e.m.c.i.embedder.EclipseLogger - Copying 4 resources
2018-03-04 00:28:23,573 [Worker-31] INFO  o.e.m.c.i.embedder.EclipseLogger - Using 'UTF-8' encoding to copy filtered resources.
2018-03-04 00:28:23,573 [Worker-31] INFO  o.e.m.c.i.embedder.EclipseLogger - skip non existing resourceDirectory /Users/davidelkana/Documents/Kuliah/S2/APAP/tutorial3_1706106671/project/tutorial3/src/test/resources
2018-03-04 00:28:26,939 [Worker-37] INFO  o.e.m.c.i.embedder.EclipseLogger - Using 'UTF-8' encoding to copy filtered resources.
2018-03-04 00:28:26,940 [Worker-37] INFO  o.e.m.c.i.embedder.EclipseLogger - Copying 1 resource
2018-03-04 00:28:26,941 [Worker-37] INFO  o.e.m.c.i.embedder.EclipseLogger - Copying 4 resources
2018-03-04 00:28:26,943 [Worker-37] INFO  o.e.m.c.i.embedder.EclipseLogger - Using 'UTF-8' encoding to copy filtered resources.
2018-03-04 00:28:26,943 [Worker-37] INFO  o.e.m.c.i.embedder.EclipseLogger - skip non existing resourceDirectory /Users/davidelkana/Documents/Kuliah/S2/APAP/tutorial3_1706106671/project/tutorial3/src/test/resources
2018-03-04 00:28:35,871 [Worker-41] INFO  o.e.m.c.i.embedder.EclipseLogger - Using 'UTF-8' encoding to copy filtered resources.
2018-03-04 00:28:35,872 [Worker-41] INFO  o.e.m.c.i.embedder.EclipseLogger - Copying 1 resource
2018-03-04 00:28:35,873 [Worker-41] INFO  o.e.m.c.i.embedder.EclipseLogger - Copying 4 resources
2018-03-04 00:28:35,874 [Worker-41] INFO  o.e.m.c.i.embedder.EclipseLogger - Using 'UTF-8' encoding to copy filtered resources.
2018-03-04 00:28:35,874 [Worker-41] INFO  o.e.m.c.i.embedder.EclipseLogger - skip non existing resourceDirectory /Users/davidelkana/Documents/Kuliah/S2/APAP/tutorial3_1706106671/project/tutorial3/src/test/resources
2018-03-04 00:28:55,730 [Worker-40] INFO  o.e.m.c.i.embedder.EclipseLogger - Using 'UTF-8' encoding to copy filtered resources.
2018-03-04 00:28:55,730 [Worker-40] INFO  o.e.m.c.i.embedder.EclipseLogger - Copying 1 resource
2018-03-04 00:28:55,731 [Worker-40] INFO  o.e.m.c.i.embedder.EclipseLogger - Copying 4 resources
2018-03-04 00:28:55,732 [Worker-40] INFO  o.e.m.c.i.embedder.EclipseLogger - Using 'UTF-8' encoding to copy filtered resources.
2018-03-04 00:28:55,733 [Worker-40] INFO  o.e.m.c.i.embedder.EclipseLogger - skip non existing resourceDirectory /Users/davidelkana/Documents/Kuliah/S2/APAP/tutorial3_1706106671/project/tutorial3/src/test/resources
2018-03-04 00:29:00,737 [Worker-37] INFO  o.e.m.c.i.embedder.EclipseLogger - Using 'UTF-8' encoding to copy filtered resources.
2018-03-04 00:29:00,737 [Worker-37] INFO  o.e.m.c.i.embedder.EclipseLogger - Copying 1 resource
2018-03-04 00:29:00,738 [Worker-37] INFO  o.e.m.c.i.embedder.EclipseLogger - Copying 4 resources
2018-03-04 00:29:00,741 [Worker-37] INFO  o.e.m.c.i.embedder.EclipseLogger - Using 'UTF-8' encoding to copy filtered resources.
2018-03-04 00:29:00,741 [Worker-37] INFO  o.e.m.c.i.embedder.EclipseLogger - skip non existing resourceDirectory /Users/davidelkana/Documents/Kuliah/S2/APAP/tutorial3_1706106671/project/tutorial3/src/test/resources
2018-03-04 00:32:50,640 [Worker-31] INFO  o.e.m.c.i.embedder.EclipseLogger - Using 'UTF-8' encoding to copy filtered resources.
2018-03-04 00:32:50,641 [Worker-31] INFO  o.e.m.c.i.embedder.EclipseLogger - Copying 1 resource
2018-03-04 00:32:50,642 [Worker-31] INFO  o.e.m.c.i.embedder.EclipseLogger - Copying 4 resources
2018-03-04 00:32:50,644 [Worker-31] INFO  o.e.m.c.i.embedder.EclipseLogger - Using 'UTF-8' encoding to copy filtered resources.
2018-03-04 00:32:50,644 [Worker-31] INFO  o.e.m.c.i.embedder.EclipseLogger - skip non existing resourceDirectory /Users/davidelkana/Documents/Kuliah/S2/APAP/tutorial3_1706106671/project/tutorial3/src/test/resources
2018-03-04 00:34:16,835 [Worker-31] INFO  o.e.m.c.i.embedder.EclipseLogger - Using 'UTF-8' encoding to copy filtered resources.
2018-03-04 00:34:16,836 [Worker-31] INFO  o.e.m.c.i.embedder.EclipseLogger - Copying 0 resource
2018-03-04 00:34:16,836 [Worker-31] INFO  o.e.m.c.i.embedder.EclipseLogger - Copying 1 resource
2018-03-04 00:34:16,838 [Worker-31] INFO  o.e.m.c.i.embedder.EclipseLogger - Using 'UTF-8' encoding to copy filtered resources.
2018-03-04 00:34:16,838 [Worker-31] INFO  o.e.m.c.i.embedder.EclipseLogger - skip non existing resourceDirectory /Users/davidelkana/Documents/Kuliah/S2/APAP/tutorial3_1706106671/project/tutorial3/src/test/resources
2018-03-04 00:34:51,992 [Worker-39] INFO  o.e.m.c.i.embedder.EclipseLogger - Using 'UTF-8' encoding to copy filtered resources.
2018-03-04 00:34:51,993 [Worker-39] INFO  o.e.m.c.i.embedder.EclipseLogger - Copying 0 resource
2018-03-04 00:34:51,993 [Worker-39] INFO  o.e.m.c.i.embedder.EclipseLogger - Copying 1 resource
2018-03-04 00:34:51,995 [Worker-39] INFO  o.e.m.c.i.embedder.EclipseLogger - Using 'UTF-8' encoding to copy filtered resources.
2018-03-04 00:34:51,995 [Worker-39] INFO  o.e.m.c.i.embedder.EclipseLogger - skip non existing resourceDirectory /Users/davidelkana/Documents/Kuliah/S2/APAP/tutorial3_1706106671/project/tutorial3/src/test/resources
2018-03-04 00:35:00,589 [Worker-31] INFO  o.e.m.c.i.embedder.EclipseLogger - Using 'UTF-8' encoding to copy filtered resources.
2018-03-04 00:35:00,591 [Worker-31] INFO  o.e.m.c.i.embedder.EclipseLogger - Copying 1 resource
2018-03-04 00:35:00,593 [Worker-31] INFO  o.e.m.c.i.embedder.EclipseLogger - Copying 5 resources
2018-03-04 00:35:00,598 [Worker-31] INFO  o.e.m.c.i.embedder.EclipseLogger - Using 'UTF-8' encoding to copy filtered resources.
2018-03-04 00:35:00,599 [Worker-31] INFO  o.e.m.c.i.embedder.EclipseLogger - skip non existing resourceDirectory /Users/davidelkana/Documents/Kuliah/S2/APAP/tutorial3_1706106671/project/tutorial3/src/test/resources
2018-03-04 00:39:13,485 [Worker-46] INFO  o.e.m.c.i.embedder.EclipseLogger - Using 'UTF-8' encoding to copy filtered resources.
2018-03-04 00:39:13,486 [Worker-46] INFO  o.e.m.c.i.embedder.EclipseLogger - Copying 1 resource
2018-03-04 00:39:13,487 [Worker-46] INFO  o.e.m.c.i.embedder.EclipseLogger - Copying 5 resources
2018-03-04 00:39:13,489 [Worker-46] INFO  o.e.m.c.i.embedder.EclipseLogger - Using 'UTF-8' encoding to copy filtered resources.
2018-03-04 00:39:13,489 [Worker-46] INFO  o.e.m.c.i.embedder.EclipseLogger - skip non existing resourceDirectory /Users/davidelkana/Documents/Kuliah/S2/APAP/tutorial3_1706106671/project/tutorial3/src/test/resources
2018-03-04 00:39:21,903 [Worker-31] INFO  o.e.m.c.i.embedder.EclipseLogger - Using 'UTF-8' encoding to copy filtered resources.
2018-03-04 00:39:21,904 [Worker-31] INFO  o.e.m.c.i.embedder.EclipseLogger - Copying 1 resource
2018-03-04 00:39:21,905 [Worker-31] INFO  o.e.m.c.i.embedder.EclipseLogger - Copying 5 resources
2018-03-04 00:39:21,907 [Worker-31] INFO  o.e.m.c.i.embedder.EclipseLogger - Using 'UTF-8' encoding to copy filtered resources.
2018-03-04 00:39:21,907 [Worker-31] INFO  o.e.m.c.i.embedder.EclipseLogger - skip non existing resourceDirectory /Users/davidelkana/Documents/Kuliah/S2/APAP/tutorial3_1706106671/project/tutorial3/src/test/resources
